TOOL:	xrun	21.03-s009: Started on Nov 29, 2023 at 17:14:30 CET
xrun
	-compile
	-l xrun_compile.log
	-F ../tb/tb.f
		mult_pkg.sv
		mult_bfm.sv
		-F ../tb/../../common/vdic_dut_2023.f
			vdic_dut_2023.svp
		top.sv
		+incdir+tb_classes
		+incdir+.
		+nowarn+DSEMEL
		+nowarnBADPRF
		-uvm
		-uvmhome /eda/cadence/2021-22/RHELx86/XCELIUM_21.03.009/tools/methodology/UVM/CDNS-1.2/sv
		+UVM_NO_RELNOTES
		+UVM_VERBOSITY=MEDIUM
		-linedebug
		-fsmdebug
		-uvmlinedebug
	-v93
	+nowarnDSEM2009
	+nowarnDSEMEL
	+nowarnCGDEFN
	+nowarnCOVUTA
	+nowarnBADPRF
	+nowarnXCLGNOPTM
	+nowarnRNDXCELON
	+nowarnSAWSTP
	-xmlibdirname INCA_libs
	+overwrite
	-nocopyright
	-coverage all
	-covoverwrite
	-covfile xrun_covfile.txt

   User defined plus("+") options:
	+UVM_NO_RELNOTES
	+UVM_VERBOSITY=MEDIUM

Compiling UVM packages (uvm_pkg.sv cdns_uvm_pkg.sv) using uvmhome location /eda/cadence/2021-22/RHELx86/XCELIUM_21.03.009/tools/methodology/UVM/CDNS-1.2/sv
file: ../tb/mult_pkg.sv
		cmd.op    = 0;
		            |
xmvlog: *W,ENUMERR (../tb/tb_classes/scoreboard.svh,167|14): This assignment is a violation of SystemVerilog strong typing rules for enumeration datatypes.
				get_expected(cmd.arg_a, cmd.arg_b, cmd.op,
				           |
xmvlog: *W,BADTIF (../tb/tb_classes/scoreboard.svh,178|15): a function cannot enable a task [10.3.4(IEEE)].
	package worklib.mult_pkg:sv
		errors: 0, warnings: 2
file: ../tb/mult_bfm.sv
	interface worklib.mult_bfm:sv
		errors: 0, warnings: 0
file: ../tb/../../common/vdic_dut_2023.svp
	module worklib.vdic_dut_2023:svp
		errors: 0, warnings: 0
file: ../tb/top.sv
	module worklib.top:sv
		errors: 0, warnings: 0
xmvlog: *W,SPDUSD: Include directory ../tb/. given but not used.
	Total errors/warnings found outside modules and primitives:
		errors: 0, warnings: 1
TOOL:	xrun	21.03-s009: Exiting on Nov 29, 2023 at 17:14:31 CET  (total: 00:00:01)
